2026-07-14 21:50:21,474 [INFO] ======================================================================
2026-07-14 21:50:21,475 [INFO] SCISSOR ANALYSIS: Bulk-Single-Cell Phenotype Integration
2026-07-14 21:50:21,476 [INFO] ======================================================================
2026-07-14 21:50:21,476 [INFO] STEP 1: Loading bulk expression & phenotype (GSE104036)
2026-07-14 21:50:21,478 [ERROR] FATAL ERROR: [Errno 2] No such file or directory: 'd:\\铁衰老 绝不重蹈覆辙\\L2\\L1\\results\\GSE104036_expression_matrix.csv'
2026-07-14 21:50:21,515 [ERROR] Traceback (most recent call last):
  File "d:\铁衰老 绝不重蹈覆辙\L2\scripts\scissor_analysis.py", line 835, in <module>
    main()
  File "d:\铁衰老 绝不重蹈覆辙\L2\scripts\scissor_analysis.py", line 735, in main
    expr = pd.read_csv(BULK_EXPR_FILE, index_col=0)
           ^^^^^^^^^^^^^^^^^^^^^^^^^^^^^^^^^^^^^^^^
  File "D:\铁衰老 绝不重蹈覆辙\.venv\Lib\site-packages\pandas\io\parsers\readers.py", line 873, in read_csv
    return _read(filepath_or_buffer, kwds)
           ^^^^^^^^^^^^^^^^^^^^^^^^^^^^^^^
  File "D:\铁衰老 绝不重蹈覆辙\.venv\Lib\site-packages\pandas\io\parsers\readers.py", line 300, in _read
    parser = TextFileReader(filepath_or_buffer, **kwds)
             ^^^^^^^^^^^^^^^^^^^^^^^^^^^^^^^^^^^^^^^^^^
  File "D:\铁衰老 绝不重蹈覆辙\.venv\Lib\site-packages\pandas\io\parsers\readers.py", line 1645, in __init__
    self._engine = self._make_engine(f, self.engine)
                   ^^^^^^^^^^^^^^^^^^^^^^^^^^^^^^^^^
  File "D:\铁衰老 绝不重蹈覆辙\.venv\Lib\site-packages\pandas\io\parsers\readers.py", line 1904, in _make_engine
    self.handles = get_handle(
                   ^^^^^^^^^^^
  File "D:\铁衰老 绝不重蹈覆辙\.venv\Lib\site-packages\pandas\io\common.py", line 930, in get_handle
    handle = open(
             ^^^^^
FileNotFoundError: [Errno 2] No such file or directory: 'd:\\铁衰老 绝不重蹈覆辙\\L2\\L1\\results\\GSE104036_expression_matrix.csv'

2026-07-14 21:50:37,499 [INFO] ======================================================================
2026-07-14 21:50:37,499 [INFO] SCISSOR ANALYSIS: Bulk-Single-Cell Phenotype Integration
2026-07-14 21:50:37,500 [INFO] ======================================================================
2026-07-14 21:50:37,500 [INFO] STEP 1: Loading bulk expression & phenotype (GSE104036)
2026-07-14 21:50:37,577 [INFO]   Bulk expression: 22339 genes × 27 samples
2026-07-14 21:50:37,579 [INFO]   Phenotype: 27 samples
2026-07-14 21:50:37,579 [INFO]   Common samples: 27
2026-07-14 21:50:37,594 [INFO]   Bulk expr matrix: 22339 genes × 27 samples
2026-07-14 21:50:37,594 [INFO]   Phenotype Y: (27,), range=[0.0958, 0.2390]
2026-07-14 21:50:37,594 [INFO] ============================================================
2026-07-14 21:50:37,594 [INFO] STEP 2: Loading single-cell expression (GSE174574)
2026-07-14 21:50:37,617 [ERROR]   Failed to load h5ad with anndata: No module named 'h5py'
2026-07-14 21:50:37,617 [INFO]   Trying with scanpy...
2026-07-14 21:50:38,486 [ERROR] FATAL ERROR: No module named 'h5py'
2026-07-14 21:50:38,492 [ERROR] Traceback (most recent call last):
  File "d:\铁衰老 绝不重蹈覆辙\L2\scripts\scissor_analysis.py", line 176, in load_sc_data
    import anndata
  File "D:\铁衰老 绝不重蹈覆辙\.venv\Lib\site-packages\anndata\__init__.py", line 10, in <module>
    from ._core.anndata import AnnData
  File "D:\铁衰老 绝不重蹈覆辙\.venv\Lib\site-packages\anndata\_core\anndata.py", line 15, in <module>
    import h5py
ModuleNotFoundError: No module named 'h5py'

During handling of the above exception, another exception occurred:

Traceback (most recent call last):
  File "d:\铁衰老 绝不重蹈覆辙\L2\scripts\scissor_analysis.py", line 835, in <module>
    main()
  File "d:\铁衰老 绝不重蹈覆辙\L2\scripts\scissor_analysis.py", line 756, in main
    sc_expr, sc_gene_names, cell_barcodes, metadata = load_sc_data()
                                                      ^^^^^^^^^^^^^^
  File "d:\铁衰老 绝不重蹈覆辙\L2\scripts\scissor_analysis.py", line 182, in load_sc_data
    import scanpy as sc
  File "D:\铁衰老 绝不重蹈覆辙\.venv\Lib\site-packages\scanpy\__init__.py", line 12, in <module>
    from ._settings import Verbosity, settings
  File "D:\铁衰老 绝不重蹈覆辙\.venv\Lib\site-packages\scanpy\_settings\__init__.py", line 12, in <module>
    from .. import logging
  File "D:\铁衰老 绝不重蹈覆辙\.venv\Lib\site-packages\scanpy\logging.py", line 13, in <module>
    import anndata.logging
  File "D:\铁衰老 绝不重蹈覆辙\.venv\Lib\site-packages\anndata\__init__.py", line 10, in <module>
    from ._core.anndata import AnnData
  File "D:\铁衰老 绝不重蹈覆辙\.venv\Lib\site-packages\anndata\_core\anndata.py", line 15, in <module>
    import h5py
ModuleNotFoundError: No module named 'h5py'

2026-07-14 22:01:31,552 [INFO] ======================================================================
2026-07-14 22:01:31,552 [INFO] SCISSOR ANALYSIS: Bulk-Single-Cell Phenotype Integration
2026-07-14 22:01:31,552 [INFO] ======================================================================
2026-07-14 22:01:31,553 [INFO] STEP 1: Loading bulk expression & phenotype (GSE104036)
2026-07-14 22:01:31,622 [INFO]   Bulk expression: 22339 genes × 27 samples
2026-07-14 22:01:31,623 [INFO]   Phenotype: 27 samples
2026-07-14 22:01:31,624 [INFO]   Common samples: 27
2026-07-14 22:01:31,640 [INFO]   Bulk expr matrix: 22339 genes × 27 samples
2026-07-14 22:01:31,641 [INFO]   Phenotype Y: (27,), range=[0.0958, 0.2390]
2026-07-14 22:01:31,641 [INFO] ============================================================
2026-07-14 22:01:31,641 [INFO] STEP 2: Loading single-cell expression (GSE174574)
2026-07-14 22:01:31,857 [ERROR]   Failed to load h5ad with anndata: No module named 'natsort'
2026-07-14 22:01:31,859 [INFO]   Trying with scanpy...
2026-07-14 22:01:32,044 [ERROR] FATAL ERROR: No module named 'natsort'
2026-07-14 22:01:32,049 [ERROR] Traceback (most recent call last):
  File "d:\铁衰老 绝不重蹈覆辙\L2\scripts\scissor_analysis.py", line 176, in load_sc_data
    import anndata
  File "D:\铁衰老 绝不重蹈覆辙\.venv\Lib\site-packages\anndata\__init__.py", line 10, in <module>
    from ._core.anndata import AnnData
  File "D:\铁衰老 绝不重蹈覆辙\.venv\Lib\site-packages\anndata\_core\anndata.py", line 18, in <module>
    from natsort import natsorted
ModuleNotFoundError: No module named 'natsort'

During handling of the above exception, another exception occurred:

Traceback (most recent call last):
  File "d:\铁衰老 绝不重蹈覆辙\L2\scripts\scissor_analysis.py", line 835, in <module>
    main()
  File "d:\铁衰老 绝不重蹈覆辙\L2\scripts\scissor_analysis.py", line 756, in main
    sc_expr, sc_gene_names, cell_barcodes, metadata = load_sc_data()
                                                      ^^^^^^^^^^^^^^
  File "d:\铁衰老 绝不重蹈覆辙\L2\scripts\scissor_analysis.py", line 182, in load_sc_data
    import scanpy as sc
  File "D:\铁衰老 绝不重蹈覆辙\.venv\Lib\site-packages\scanpy\__init__.py", line 12, in <module>
    from ._settings import Verbosity, settings
  File "D:\铁衰老 绝不重蹈覆辙\.venv\Lib\site-packages\scanpy\_settings\__init__.py", line 12, in <module>
    from .. import logging
  File "D:\铁衰老 绝不重蹈覆辙\.venv\Lib\site-packages\scanpy\logging.py", line 13, in <module>
    import anndata.logging
  File "D:\铁衰老 绝不重蹈覆辙\.venv\Lib\site-packages\anndata\__init__.py", line 10, in <module>
    from ._core.anndata import AnnData
  File "D:\铁衰老 绝不重蹈覆辙\.venv\Lib\site-packages\anndata\_core\anndata.py", line 18, in <module>
    from natsort import natsorted
ModuleNotFoundError: No module named 'natsort'

2026-07-14 22:25:54,211 [INFO] ======================================================================
2026-07-14 22:25:54,213 [INFO] SCISSOR ANALYSIS: Bulk-Single-Cell Phenotype Integration
2026-07-14 22:25:54,213 [INFO] ======================================================================
2026-07-14 22:25:54,213 [INFO] STEP 1: Loading bulk expression & phenotype (GSE104036)
2026-07-14 22:25:54,259 [INFO]   Bulk expression: 22339 genes × 27 samples
2026-07-14 22:25:54,259 [INFO]   Phenotype: 27 samples
2026-07-14 22:25:54,261 [INFO]   Common samples: 27
2026-07-14 22:25:54,269 [INFO]   Bulk expr matrix: 22339 genes × 27 samples
2026-07-14 22:25:54,269 [INFO]   Phenotype Y: (27,), range=[0.0958, 0.2390]
2026-07-14 22:25:54,269 [INFO] ============================================================
2026-07-14 22:25:54,269 [INFO] STEP 2: Loading single-cell expression (GSE174574)
2026-07-14 22:25:54,559 [ERROR]   Failed to load h5ad with anndata: No module named 'zarr'
2026-07-14 22:25:54,559 [INFO]   Trying with scanpy...
2026-07-14 22:25:54,566 [ERROR] FATAL ERROR: No module named 'zarr'
2026-07-14 22:25:54,572 [ERROR] Traceback (most recent call last):
  File "d:\铁衰老 绝不重蹈覆辙\L2\scripts\scissor_analysis.py", line 176, in load_sc_data
    import anndata
  File "D:\铁衰老 绝不重蹈覆辙\.venv\Lib\site-packages\anndata\__init__.py", line 10, in <module>
    from ._core.anndata import AnnData
  File "D:\铁衰老 绝不重蹈覆辙\.venv\Lib\site-packages\anndata\_core\anndata.py", line 24, in <module>
    from anndata._core.sparse_dataset import sparse_dataset
  File "D:\铁衰老 绝不重蹈覆辙\.venv\Lib\site-packages\anndata\_core\sparse_dataset.py", line 27, in <module>
    import zarr
ModuleNotFoundError: No module named 'zarr'

During handling of the above exception, another exception occurred:

Traceback (most recent call last):
  File "d:\铁衰老 绝不重蹈覆辙\L2\scripts\scissor_analysis.py", line 835, in <module>
    main()
  File "d:\铁衰老 绝不重蹈覆辙\L2\scripts\scissor_analysis.py", line 756, in main
    sc_expr, sc_gene_names, cell_barcodes, metadata = load_sc_data()
                                                      ^^^^^^^^^^^^^^
  File "d:\铁衰老 绝不重蹈覆辙\L2\scripts\scissor_analysis.py", line 182, in load_sc_data
    import scanpy as sc
  File "D:\铁衰老 绝不重蹈覆辙\.venv\Lib\site-packages\scanpy\__init__.py", line 12, in <module>
    from ._settings import Verbosity, settings
  File "D:\铁衰老 绝不重蹈覆辙\.venv\Lib\site-packages\scanpy\_settings\__init__.py", line 12, in <module>
    from .. import logging
  File "D:\铁衰老 绝不重蹈覆辙\.venv\Lib\site-packages\scanpy\logging.py", line 13, in <module>
    import anndata.logging
  File "D:\铁衰老 绝不重蹈覆辙\.venv\Lib\site-packages\anndata\__init__.py", line 10, in <module>
    from ._core.anndata import AnnData
  File "D:\铁衰老 绝不重蹈覆辙\.venv\Lib\site-packages\anndata\_core\anndata.py", line 24, in <module>
    from anndata._core.sparse_dataset import sparse_dataset
  File "D:\铁衰老 绝不重蹈覆辙\.venv\Lib\site-packages\anndata\_core\sparse_dataset.py", line 27, in <module>
    import zarr
ModuleNotFoundError: No module named 'zarr'

2026-07-14 22:27:28,503 [INFO] ======================================================================
2026-07-14 22:27:28,503 [INFO] SCISSOR ANALYSIS: Bulk-Single-Cell Phenotype Integration
2026-07-14 22:27:28,503 [INFO] ======================================================================
2026-07-14 22:27:28,504 [INFO] STEP 1: Loading bulk expression & phenotype (GSE104036)
2026-07-14 22:27:28,567 [INFO]   Bulk expression: 22339 genes × 27 samples
2026-07-14 22:27:28,569 [INFO]   Phenotype: 27 samples
2026-07-14 22:27:28,569 [INFO]   Common samples: 27
2026-07-14 22:27:28,585 [INFO]   Bulk expr matrix: 22339 genes × 27 samples
2026-07-14 22:27:28,585 [INFO]   Phenotype Y: (27,), range=[0.0958, 0.2390]
2026-07-14 22:27:28,585 [INFO] ============================================================
2026-07-14 22:27:28,585 [INFO] STEP 2: Loading single-cell expression (GSE174574) via h5py
2026-07-14 22:27:28,676 [INFO]   Genes: 19698
2026-07-14 22:27:28,726 [INFO]   Cells: 58433
2026-07-14 22:27:28,726 [INFO]   Expression shape: (58433, 19698), dtype: float64
2026-07-14 22:27:28,729 [INFO]   Downsampling 58433 → 20000 cells for Scissor analysis
2026-07-14 22:28:00,319 [INFO]   Loaded expression: (20000, 19698), memory=3005.7 MB
2026-07-14 22:28:00,579 [INFO]   Inferred cell_type from score columns: ['Astrocyte_score', 'Endothelial_score', 'Immune_score', 'Microglia_score', 'Neuron_score', 'OPC_score', 'Oligodendrocyte_score', 'Pericyte_score', 'celltypist_conf_score', 'doublet_score', 'ferroaging_score']
2026-07-14 22:28:00,580 [INFO]   Metadata columns: ['Astrocyte_score', 'Endothelial_score', 'Immune_score', 'Microglia_score', 'Neuron_score', 'OPC_score', 'Oligodendrocyte_score', 'Pericyte_score', 'celltypist_conf_score', 'doublet_score', 'ferroaging_score', 'n_genes', 'n_genes_by_counts', 'pct_counts_mt', 'pct_counts_ribo', 'predicted_doublet', 'total_counts', 'total_counts_mt', 'total_counts_ribo', 'cell_type']
2026-07-14 22:28:00,588 [INFO]   Cell types: {'Endothelial': 8652, 'ferroaging': 3834, 'Microglia': 3120, 'Pericyte': 1219, 'Astrocyte': 1017, 'doublet': 803, 'Oligodendrocyte': 672, 'Immune': 292, 'OPC': 283, 'Neuron': 108}
2026-07-14 22:28:00,616 [INFO] ============================================================
2026-07-14 22:28:00,616 [INFO] STEP 3: Gene alignment & quantile normalization
2026-07-14 22:28:00,639 [INFO]   Bulk genes: 22338, SC genes: 19697, Shared: 16838
2026-07-14 22:28:04,613 [INFO]   Aligned matrix: 16838 genes × 27 bulk, 20000 cells
2026-07-14 22:28:09,664 [INFO]   Quantile normalization complete (gene-level rank normalization to [0,1])
2026-07-14 22:28:09,667 [INFO] ============================================================
2026-07-14 22:28:09,667 [INFO] STEP 4: Computing bulk-sample × single-cell correlation matrix
2026-07-14 22:28:13,648 [INFO]   Correlation matrix S: (27, 20000) (bulk × cells)
2026-07-14 22:28:13,656 [INFO]   S stats: min=0.0057, max=0.0191, mean=0.0100
2026-07-14 22:28:13,898 [INFO] ============================================================
2026-07-14 22:28:13,899 [INFO] STEP 5: Scissor L1-regularized regression + stability selection
2026-07-14 22:28:13,900 [INFO]   Design: 27 bulk samples × 20000 cells (p >> n)
2026-07-14 22:28:13,900 [INFO]   Y stats: mean=-0.0000, std=1.0000
2026-07-14 22:28:13,900 [INFO]   Running primary LassoCV...
2026-07-14 22:28:13,904 [ERROR] FATAL ERROR: LassoCV.__init__() got an unexpected keyword argument 'n_alphas'
2026-07-14 22:28:13,924 [ERROR] Traceback (most recent call last):
  File "d:\铁衰老 绝不重蹈覆辙\L2\scripts\scissor_analysis.py", line 864, in <module>
    main()
  File "d:\铁衰老 绝不重蹈覆辙\L2\scripts\scissor_analysis.py", line 804, in main
    run_scissor_regression(S, Y)
  File "d:\铁衰老 绝不重蹈覆辙\L2\scripts\scissor_analysis.py", line 397, in run_scissor_regression
    lasso = LassoCV(
            ^^^^^^^^
TypeError: LassoCV.__init__() got an unexpected keyword argument 'n_alphas'

2026-07-14 22:28:55,043 [INFO] ======================================================================
2026-07-14 22:28:55,043 [INFO] SCISSOR ANALYSIS: Bulk-Single-Cell Phenotype Integration
2026-07-14 22:28:55,043 [INFO] ======================================================================
2026-07-14 22:28:55,043 [INFO] STEP 1: Loading bulk expression & phenotype (GSE104036)
2026-07-14 22:28:55,089 [INFO]   Bulk expression: 22339 genes × 27 samples
2026-07-14 22:28:55,090 [INFO]   Phenotype: 27 samples
2026-07-14 22:28:55,091 [INFO]   Common samples: 27
2026-07-14 22:28:55,099 [INFO]   Bulk expr matrix: 22339 genes × 27 samples
2026-07-14 22:28:55,099 [INFO]   Phenotype Y: (27,), range=[0.0958, 0.2390]
2026-07-14 22:28:55,099 [INFO] ============================================================
2026-07-14 22:28:55,100 [INFO] STEP 2: Loading single-cell expression (GSE174574) via h5py
2026-07-14 22:28:55,216 [INFO]   Genes: 19698
2026-07-14 22:28:55,257 [INFO]   Cells: 58433
2026-07-14 22:28:55,257 [INFO]   Expression shape: (58433, 19698), dtype: float64
2026-07-14 22:28:55,259 [INFO]   Downsampling 58433 → 20000 cells for Scissor analysis
2026-07-14 22:29:26,248 [INFO]   Loaded expression: (20000, 19698), memory=3005.7 MB
2026-07-14 22:29:26,305 [INFO]   Inferred cell_type from score columns: ['Astrocyte_score', 'Endothelial_score', 'Immune_score', 'Microglia_score', 'Neuron_score', 'OPC_score', 'Oligodendrocyte_score', 'Pericyte_score']
2026-07-14 22:29:26,306 [INFO]   Metadata columns: ['Astrocyte_score', 'Endothelial_score', 'Immune_score', 'Microglia_score', 'Neuron_score', 'OPC_score', 'Oligodendrocyte_score', 'Pericyte_score', 'celltypist_conf_score', 'doublet_score', 'ferroaging_score', 'n_genes', 'n_genes_by_counts', 'pct_counts_mt', 'pct_counts_ribo', 'predicted_doublet', 'total_counts', 'total_counts_mt', 'total_counts_ribo', 'cell_type']
2026-07-14 22:29:26,308 [INFO]   Cell types: {'Endothelial': 8853, 'Microglia': 3298, 'OPC': 1677, 'Pericyte': 1529, 'Immune': 1426, 'Neuron': 1397, 'Astrocyte': 1065, 'Oligodendrocyte': 755}
2026-07-14 22:29:26,313 [INFO] ============================================================
2026-07-14 22:29:26,313 [INFO] STEP 3: Gene alignment & quantile normalization
2026-07-14 22:29:26,327 [INFO]   Bulk genes: 22338, SC genes: 19697, Shared: 16838
2026-07-14 22:29:29,994 [INFO]   Aligned matrix: 16838 genes × 27 bulk, 20000 cells
2026-07-14 22:29:34,789 [INFO]   Quantile normalization complete (gene-level rank normalization to [0,1])
2026-07-14 22:29:34,793 [INFO] ============================================================
2026-07-14 22:29:34,793 [INFO] STEP 4: Computing bulk-sample × single-cell correlation matrix
2026-07-14 22:29:38,355 [INFO]   Correlation matrix S: (27, 20000) (bulk × cells)
2026-07-14 22:29:38,357 [INFO]   S stats: min=0.0057, max=0.0191, mean=0.0100
2026-07-14 22:29:38,568 [INFO] ============================================================
2026-07-14 22:29:38,568 [INFO] STEP 5: Scissor L1-regularized regression + stability selection
2026-07-14 22:29:38,569 [INFO]   Design: 27 bulk samples × 20000 cells (p >> n)
2026-07-14 22:29:38,569 [INFO]   Y stats: mean=-0.0000, std=1.0000
2026-07-14 22:29:38,569 [INFO]   Running primary LassoCV...
2026-07-14 22:37:50,068 [INFO] ======================================================================
2026-07-14 22:37:50,068 [INFO] SCISSOR ANALYSIS
2026-07-14 22:37:50,068 [INFO] ======================================================================
2026-07-14 22:37:50,117 [INFO]   Bulk: 22339g × 27s
2026-07-14 22:37:50,125 [INFO]   Y: range=[0.0958, 0.2390]
2026-07-14 22:38:14,901 [INFO]   SC: 15000c × 19698g, 2254MB
2026-07-14 22:38:14,971 [INFO]   Cell types: {'Endothelial': 6669, 'Microglia': 2449, 'OPC': 1280, 'Pericyte': 1144, 'Immune': 1081, 'Neuron': 1034, 'Astrocyte': 791, 'Oligodendrocyte': 552}
2026-07-14 22:38:14,976 [INFO] STEP 3-4: Gene alignment & correlation matrix
2026-07-14 22:38:14,986 [INFO]   Bulk:22338 SC:19697 Shared:16838
2026-07-14 22:38:24,421 [INFO]   S: (27, 15000), range=[0.0081,0.0261]
2026-07-14 22:38:24,728 [INFO]   Shared genes: 16838
2026-07-14 22:38:24,729 [INFO] ============================================================
2026-07-14 22:38:24,729 [INFO] STEP 5: Scissor cell selection (univariate pre-filter + L1)
2026-07-14 22:38:24,730 [INFO]   Computing univariate r for 15000 cells...
2026-07-14 22:38:24,767 [INFO]   r range: [0.4037, 0.4713]
2026-07-14 22:38:24,767 [INFO]   p<0.05: 15000 / 15000
2026-07-14 22:38:24,772 [INFO]   Preselected 500 cells for Lasso
2026-07-14 22:38:24,772 [INFO]   Primary LassoCV on preselected cells...
2026-07-14 22:38:38,830 [INFO]   Lasso: 116 non-zero / 500 (alpha=0.000000, R²=0.9143)
2026-07-14 22:38:38,898 [INFO]   Stability selection (50 bootstraps)...
2026-07-14 22:43:08,007 [INFO]   Scissor+: 7 | Scissor-: 19
2026-07-14 22:43:08,132 [INFO]   Immune               +:4/1081 fold=7.93 p=7.87e-04
2026-07-14 22:43:08,132 [INFO]   Pericyte             +:2/1144 fold=3.75 p=9.44e-02
2026-07-14 22:43:08,132 [INFO]   Neuron               +:1/1034 fold=2.07 p=3.94e-01
2026-07-14 22:43:08,132 [INFO]   Astrocyte            +:0/791 fold=0.00 p=1.00e+00
2026-07-14 22:43:08,132 [INFO]   Microglia            +:0/2449 fold=0.00 p=1.00e+00
2026-07-14 22:43:08,132 [INFO]   Endothelial          +:0/6669 fold=0.00 p=1.00e+00
2026-07-14 22:43:08,132 [INFO]   OPC                  +:0/1280 fold=0.00 p=1.00e+00
2026-07-14 22:43:08,132 [INFO]   Oligodendrocyte      +:0/552 fold=0.00 p=1.00e+00
2026-07-14 22:43:08,172 [INFO] STEP 7: Network integration
2026-07-14 22:43:10,012 [INFO]   Core in top100 DE: 4/100
2026-07-14 22:43:10,098 [INFO]   Saved: d:\铁衰老 绝不重蹈覆辙\L2\results\scissor_selected_cells.csv, d:\铁衰老 绝不重蹈覆辙\L2\results\scissor_celltype_enrichment.csv, d:\铁衰老 绝不重蹈覆辙\L2\results\scissor_network_overlap.csv
2026-07-14 22:43:10,102 [INFO] ======================================================================
2026-07-14 22:43:10,102 [INFO]   Scissor+: 7 | Scissor-: 19
2026-07-14 22:43:10,102 [INFO]   Top cell types (Scissor+): ['Immune', 'Pericyte', 'Neuron']
2026-07-14 22:43:10,102 [INFO]   Core genes in top100 DE: 4
2026-07-14 22:43:10,102 [INFO] ======================================================================
2026-07-14 22:44:35,086 [INFO] ======================================================================
2026-07-14 22:44:35,086 [INFO] SCISSOR ANALYSIS
2026-07-14 22:44:35,086 [INFO] ======================================================================
2026-07-14 22:44:35,128 [INFO]   Bulk: 22339g × 27s
2026-07-14 22:44:35,135 [INFO]   Y: range=[0.0958, 0.2390]
2026-07-14 22:44:58,072 [INFO]   SC: 15000c × 19698g, 2254MB
2026-07-14 22:44:58,143 [INFO]   Cell types: {'Endothelial': 6669, 'Microglia': 2449, 'OPC': 1280, 'Pericyte': 1144, 'Immune': 1081, 'Neuron': 1034, 'Astrocyte': 791, 'Oligodendrocyte': 552}
2026-07-14 22:44:58,148 [INFO] STEP 3-4: Gene alignment & correlation matrix
2026-07-14 22:44:58,159 [INFO]   Bulk:22338 SC:19697 Shared:16838
2026-07-14 22:45:03,955 [INFO]   S: (27, 15000), range=[-0.1548,0.2074]
2026-07-14 22:45:03,957 [INFO]   S > 0: 165810, S < 0: 239190
2026-07-14 22:45:04,283 [INFO]   Shared genes: 16838
2026-07-14 22:45:04,284 [INFO] ============================================================
2026-07-14 22:45:04,284 [INFO] STEP 5: Scissor cell selection (univariate pre-filter + L1)
2026-07-14 22:45:04,284 [INFO]   Computing univariate r for 15000 cells...
2026-07-14 22:45:04,311 [INFO]   r range: [-0.8895, 0.9037]
2026-07-14 22:45:04,311 [INFO]   p<0.05: 7185 / 15000
2026-07-14 22:45:04,314 [INFO]   Preselected 500 cells for Lasso
2026-07-14 22:45:04,314 [INFO]   Primary LassoCV on preselected cells...
2026-07-14 22:45:05,131 [INFO]   Lasso: 28 non-zero / 500 (alpha=0.000005, R2=0.9982)
2026-07-14 22:45:05,131 [INFO]   Stability selection (50 bootstraps)...
2026-07-14 22:45:11,279 [WARNING]   Lasso selected <10 cells; using univariate top-ranked
2026-07-14 22:45:11,280 [INFO]   Scissor+: 250 | Scissor-: 250
2026-07-14 22:45:11,303 [INFO]   Immune               +:37/1081 fold=2.05 p=2.22e-05
2026-07-14 22:45:11,303 [INFO]   OPC                  +:35/1280 fold=1.64 p=2.46e-03
2026-07-14 22:45:11,303 [INFO]   Neuron               +:23/1034 fold=1.33 p=9.60e-02
2026-07-14 22:45:11,303 [INFO]   Endothelial          +:115/6669 fold=1.03 p=3.33e-01
2026-07-14 22:45:11,303 [INFO]   Pericyte             +:17/1144 fold=0.89 p=7.24e-01
2026-07-14 22:45:11,303 [INFO]   Microglia            +:23/2449 fold=0.56 p=1.00e+00
2026-07-14 22:45:11,303 [INFO]   Astrocyte            +:0/791 fold=0.00 p=1.00e+00
2026-07-14 22:45:11,303 [INFO]   Oligodendrocyte      +:0/552 fold=0.00 p=1.00e+00
2026-07-14 22:45:11,325 [INFO] STEP 7: Network integration
2026-07-14 22:45:13,072 [INFO]   Core in top100 DE: 4/100
2026-07-14 22:45:13,175 [INFO]   Saved: d:\铁衰老 绝不重蹈覆辙\L2\results\scissor_selected_cells.csv, d:\铁衰老 绝不重蹈覆辙\L2\results\scissor_celltype_enrichment.csv, d:\铁衰老 绝不重蹈覆辙\L2\results\scissor_network_overlap.csv
2026-07-14 22:45:13,178 [INFO] ======================================================================
2026-07-14 22:45:13,178 [INFO]   Scissor+: 250 | Scissor-: 250
2026-07-14 22:45:13,178 [INFO]   Top cell types (Scissor+): ['Immune', 'OPC', 'Neuron']
2026-07-14 22:45:13,178 [INFO]   Core genes in top100 DE: 4
2026-07-14 22:45:13,178 [INFO] ======================================================================
2026-07-14 22:46:28,518 [INFO] ======================================================================
2026-07-14 22:46:28,518 [INFO] SCISSOR ANALYSIS
2026-07-14 22:46:28,519 [INFO] ======================================================================
2026-07-14 22:46:28,566 [INFO]   Bulk: 22339g × 27s
2026-07-14 22:46:28,577 [INFO]   Y: range=[0.0958, 0.2390]
2026-07-14 22:46:52,922 [INFO]   SC: 15000c × 19698g, 2254MB
2026-07-14 22:46:52,990 [INFO]   Cell types: {'Endothelial': 6669, 'Microglia': 2449, 'OPC': 1280, 'Pericyte': 1144, 'Immune': 1081, 'Neuron': 1034, 'Astrocyte': 791, 'Oligodendrocyte': 552}
2026-07-14 22:46:52,996 [INFO] STEP 3-4: Gene alignment & correlation matrix
2026-07-14 22:46:53,010 [INFO]   Bulk:22338 SC:19697 Shared:16838
2026-07-14 22:46:58,830 [INFO]   S: (27, 15000), range=[-0.1548,0.2074]
2026-07-14 22:46:58,832 [INFO]   S > 0: 165810, S < 0: 239190
2026-07-14 22:46:59,060 [INFO]   Shared genes: 16838
2026-07-14 22:46:59,060 [INFO] ============================================================
2026-07-14 22:46:59,060 [INFO] STEP 5: Scissor cell selection (FDR screen + L1 + stability)
2026-07-14 22:46:59,060 [INFO]   Computing univariate r for 15000 cells...
2026-07-14 22:46:59,064 [INFO]   r range: [-25.7833, 26.1936]
2026-07-14 22:46:59,064 [INFO]   p<0.05: 375 / 15000
2026-07-14 22:46:59,065 [INFO]   FDR<0.05: 0 | Bonferroni<0.05: 134
2026-07-14 22:46:59,066 [WARNING]   Only 0 FDR cells; using top 2000 by |r|
2026-07-14 22:46:59,067 [INFO]   Preselected 2000 cells for Lasso
2026-07-14 22:46:59,067 [INFO]   Primary LassoCV on preselected cells...
2026-07-14 22:47:01,728 [INFO]   Lasso: 23 non-zero / 2000 (alpha=0.000014, R2=0.9947)
2026-07-14 22:47:01,728 [INFO]   Stability selection (50 bootstraps)...
2026-07-14 22:47:22,946 [WARNING]   Stability selection yielded only 5 cells; using univariate top-ranked
2026-07-14 22:47:22,946 [INFO]   Scissor+: 150 | Scissor-: 150
2026-07-14 22:47:22,948 [INFO]   r_plus range: [22.4237,26.1936]
2026-07-14 22:47:22,948 [INFO]   r_minus range: [-25.7833,-20.2924]
2026-07-14 22:47:22,958 [INFO]   Immune               +:22/1081 fold=2.04 p=1.10e-03
2026-07-14 22:47:22,958 [INFO]   OPC                  +:20/1280 fold=1.56 p=3.02e-02
2026-07-14 22:47:22,958 [INFO]   Neuron               +:14/1034 fold=1.35 p=1.53e-01
2026-07-14 22:47:22,958 [INFO]   Endothelial          +:69/6669 fold=1.03 p=3.82e-01
2026-07-14 22:47:22,958 [INFO]   Pericyte             +:10/1144 fold=0.87 p=7.16e-01
2026-07-14 22:47:22,958 [INFO]   Microglia            +:15/2449 fold=0.61 p=9.90e-01
2026-07-14 22:47:22,958 [INFO]   Astrocyte            +:0/791 fold=0.00 p=1.00e+00
2026-07-14 22:47:22,958 [INFO]   Oligodendrocyte      +:0/552 fold=0.00 p=1.00e+00
2026-07-14 22:47:22,959 [INFO] STEP 7: Network integration
2026-07-14 22:47:24,795 [INFO]   Core in top100 DE: 4/100
2026-07-14 22:47:24,863 [INFO]   Saved: d:\铁衰老 绝不重蹈覆辙\L2\results\scissor_selected_cells.csv, d:\铁衰老 绝不重蹈覆辙\L2\results\scissor_celltype_enrichment.csv, d:\铁衰老 绝不重蹈覆辙\L2\results\scissor_network_overlap.csv
2026-07-14 22:47:24,865 [INFO] ======================================================================
2026-07-14 22:47:24,865 [INFO]   Scissor+: 150 | Scissor-: 150
2026-07-14 22:47:24,865 [INFO]   Top cell types (Scissor+): ['Immune', 'OPC', 'Neuron']
2026-07-14 22:47:24,865 [INFO]   Core genes in top100 DE: 4
2026-07-14 22:47:24,865 [INFO] ======================================================================
2026-07-14 22:47:36,472 [INFO] ======================================================================
2026-07-14 22:47:36,473 [INFO] SCISSOR ANALYSIS
2026-07-14 22:47:36,473 [INFO] ======================================================================
2026-07-14 22:47:36,524 [INFO]   Bulk: 22339g × 27s
2026-07-14 22:47:36,532 [INFO]   Y: range=[0.0958, 0.2390]
2026-07-14 22:48:00,822 [INFO]   SC: 15000c × 19698g, 2254MB
2026-07-14 22:48:00,878 [INFO]   Cell types: {'Endothelial': 6669, 'Microglia': 2449, 'OPC': 1280, 'Pericyte': 1144, 'Immune': 1081, 'Neuron': 1034, 'Astrocyte': 791, 'Oligodendrocyte': 552}
2026-07-14 22:48:00,881 [INFO] STEP 3-4: Gene alignment & correlation matrix
2026-07-14 22:48:00,894 [INFO]   Bulk:22338 SC:19697 Shared:16838
2026-07-14 22:48:06,740 [INFO]   S: (27, 15000), range=[-0.1548,0.2074]
2026-07-14 22:48:06,746 [INFO]   S > 0: 165810, S < 0: 239190
2026-07-14 22:48:06,928 [INFO]   Shared genes: 16838
2026-07-14 22:48:06,929 [INFO] ============================================================
2026-07-14 22:48:06,929 [INFO] STEP 5: Scissor cell selection (FDR screen + L1 + stability)
2026-07-14 22:48:06,930 [INFO]   Computing univariate r for 15000 cells...
2026-07-14 22:48:06,950 [INFO]   r range: [-0.8895, 0.9037]
2026-07-14 22:48:06,950 [INFO]   p<0.05: 7185 / 15000
2026-07-14 22:48:06,956 [INFO]   FDR<0.05: 5711 | Bonferroni<0.05: 200
2026-07-14 22:48:06,957 [INFO]   Preselected 1000 cells for Lasso
2026-07-14 22:48:06,957 [INFO]   Primary LassoCV on preselected cells...
2026-07-14 22:48:08,720 [INFO]   Lasso: 27 non-zero / 1000 (alpha=0.000005, R2=0.9987)
2026-07-14 22:48:08,722 [INFO]   Stability selection (50 bootstraps)...
2026-07-14 22:48:24,292 [WARNING]   Stability selection yielded only 1 cells; using univariate top-ranked
2026-07-14 22:48:24,297 [INFO]   Scissor+: 150 | Scissor-: 150
2026-07-14 22:48:24,299 [INFO]   r_plus range: [0.7736,0.9037]
2026-07-14 22:48:24,299 [INFO]   r_minus range: [-0.8895,-0.7001]
2026-07-14 22:48:24,334 [INFO]   Immune               +:22/1081 fold=2.04 p=1.10e-03
2026-07-14 22:48:24,334 [INFO]   OPC                  +:20/1280 fold=1.56 p=3.02e-02
2026-07-14 22:48:24,334 [INFO]   Neuron               +:14/1034 fold=1.35 p=1.53e-01
2026-07-14 22:48:24,334 [INFO]   Endothelial          +:69/6669 fold=1.03 p=3.82e-01
2026-07-14 22:48:24,334 [INFO]   Pericyte             +:10/1144 fold=0.87 p=7.16e-01
2026-07-14 22:48:24,334 [INFO]   Microglia            +:15/2449 fold=0.61 p=9.90e-01
2026-07-14 22:48:24,334 [INFO]   Astrocyte            +:0/791 fold=0.00 p=1.00e+00
2026-07-14 22:48:24,334 [INFO]   Oligodendrocyte      +:0/552 fold=0.00 p=1.00e+00
2026-07-14 22:48:24,360 [INFO] STEP 7: Network integration
2026-07-14 22:48:27,014 [INFO]   Core in top100 DE: 4/100
2026-07-14 22:48:27,202 [INFO]   Saved: d:\铁衰老 绝不重蹈覆辙\L2\results\scissor_selected_cells.csv, d:\铁衰老 绝不重蹈覆辙\L2\results\scissor_celltype_enrichment.csv, d:\铁衰老 绝不重蹈覆辙\L2\results\scissor_network_overlap.csv
2026-07-14 22:48:27,208 [INFO] ======================================================================
2026-07-14 22:48:27,208 [INFO]   Scissor+: 150 | Scissor-: 150
2026-07-14 22:48:27,208 [INFO]   Top cell types (Scissor+): ['Immune', 'OPC', 'Neuron']
2026-07-14 22:48:27,208 [INFO]   Core genes in top100 DE: 4
2026-07-14 22:48:27,208 [INFO] ======================================================================
